{"/Applications/projects/nirex/src/postcss.config.js": {"path":"/Applications/projects/nirex/src/postcss.config.js","statementMap":{"0":{"start":{"line":2,"column":0},"end":{"line":7,"column":2}}},"fnMap":{},"branchMap":{},"s":{"0":0},"f":{},"b":{},"hash":"32c6feea5efe9a4cb5786200eac24e0083ae631e"}
,"/Applications/projects/nirex/src/components/Map.vue": {"path":"/Applications/projects/nirex/src/components/Map.vue","statementMap":{"0":{"start":{"line":19,"column":0},"end":{"line":19,"column":null}}},"fnMap":{},"branchMap":{},"s":{"0":0},"f":{},"b":{}}
,"/Applications/projects/nirex/src/router/index.js": {"path":"/Applications/projects/nirex/src/router/index.js","statementMap":{"0":{"start":{"line":5,"column":0},"end":{"line":5,"column":19}},"1":{"start":{"line":7,"column":15},"end":{"line":13,"column":1}},"2":{"start":{"line":15,"column":15},"end":{"line":19,"column":2}}},"fnMap":{},"branchMap":{},"s":{"0":0,"1":0,"2":0},"f":{},"b":{},"hash":"f1cd1f20a0210b6de009f20971427d303948a744"}
,"/Applications/projects/nirex/src/views/Home.vue": {"path":"/Applications/projects/nirex/src/views/Home.vue","statementMap":{"0":{"start":{"line":65,"column":0},"end":{"line":65,"column":null}},"1":{"start":{"line":68,"column":0},"end":{"line":68,"column":null}},"2":{"start":{"line":82,"column":0},"end":{"line":82,"column":null}},"3":{"start":{"line":89,"column":0},"end":{"line":89,"column":null}},"4":{"start":{"line":90,"column":0},"end":{"line":90,"column":null}},"5":{"start":{"line":93,"column":0},"end":{"line":93,"column":null}},"6":{"start":{"line":94,"column":0},"end":{"line":94,"column":null}},"7":{"start":{"line":97,"column":0},"end":{"line":105,"column":null}},"8":{"start":{"line":98,"column":0},"end":{"line":98,"column":null}},"9":{"start":{"line":102,"column":0},"end":{"line":102,"column":null}},"10":{"start":{"line":103,"column":0},"end":{"line":103,"column":null}},"11":{"start":{"line":104,"column":0},"end":{"line":104,"column":null}}},"fnMap":{"0":{"name":"(anonymous_4)","decl":{"start":{"line":65,"column":0},"end":{"line":65,"column":null}},"loc":{"start":{"line":65,"column":0},"end":{"line":65,"column":null}}},"1":{"name":"(anonymous_6)","decl":{"start":{"line":67,"column":0},"end":{"line":67,"column":null}},"loc":{"start":{"line":67,"column":0},"end":{"line":79,"column":null}}},"2":{"name":"(anonymous_7)","decl":{"start":{"line":81,"column":0},"end":{"line":81,"column":null}},"loc":{"start":{"line":81,"column":0},"end":{"line":87,"column":null}}},"3":{"name":"(anonymous_8)","decl":{"start":{"line":88,"column":0},"end":{"line":88,"column":null}},"loc":{"start":{"line":88,"column":0},"end":{"line":91,"column":null}}},"4":{"name":"(anonymous_9)","decl":{"start":{"line":92,"column":0},"end":{"line":92,"column":null}},"loc":{"start":{"line":92,"column":0},"end":{"line":95,"column":null}}},"5":{"name":"(anonymous_10)","decl":{"start":{"line":96,"column":0},"end":{"line":96,"column":null}},"loc":{"start":{"line":96,"column":0},"end":{"line":106,"column":null}}}},"branchMap":{"0":{"loc":{"start":{"line":97,"column":0},"end":{"line":105,"column":null}},"type":"if","locations":[{"start":{"line":97,"column":0},"end":{"line":105,"column":null}},{"start":{"line":97,"column":0},"end":{"line":105,"column":null}}]}},"s":{"0":0,"1":0,"2":0,"3":0,"4":0,"5":0,"6":0,"7":0,"8":0,"9":0,"10":0,"11":0},"f":{"0":0,"1":0,"2":0,"3":0,"4":0,"5":0},"b":{"0":[0,0]}}
}
